2016-58-16 19:58:10.963[Result.java][pageScreenAndPrint][32] INFO  VITuaOP.TestRunner - делаем скрин шот и печатаем страницу
2016-58-16 19:58:16.058[Result.java][pageScreenAndPrint][38] ERROR VITuaOP.TestRunner - catching
org.openqa.selenium.NoSuchElementException: Unable to locate element: {"method":"xpath","selector":"//a[@id='pnnext']/span[2]"}
Command duration or timeout: 5.09 seconds
For documentation on this error, please visit: http://seleniumhq.org/exceptions/no_such_element.html
Build info: version: '2.49.0', revision: '365eeb44deba2067b1761c8862ef21d55250e063', time: '2016-01-13 11:57:39'
System info: host: '2good4you', ip: '192.168.0.5', os.name: 'Windows 7', os.arch: 'amd64', os.version: '6.1', java.version: '1.8.0_65'
Driver info: org.openqa.selenium.firefox.FirefoxDriver
Capabilities [{applicationCacheEnabled=true, rotatable=false, handlesAlerts=true, databaseEnabled=true, version=44.0.2, platform=WINDOWS, nativeEvents=false, acceptSslCerts=true, webStorageEnabled=true, locationContextEnabled=true, browserName=firefox, takesScreenshot=true, javascriptEnabled=true, cssSelectorsEnabled=true}]
Session ID: 3908947d-465e-4840-89c5-04f79b399017
*** Element info: {Using=xpath, value=//a[@id='pnnext']/span[2]}
	at sun.reflect.NativeConstructorAccessorImpl.newInstance0(Native Method) ~[?:1.8.0_65]
	at sun.reflect.NativeConstructorAccessorImpl.newInstance(NativeConstructorAccessorImpl.java:62) ~[?:1.8.0_65]
	at sun.reflect.DelegatingConstructorAccessorImpl.newInstance(DelegatingConstructorAccessorImpl.java:45) ~[?:1.8.0_65]
	at java.lang.reflect.Constructor.newInstance(Constructor.java:422) ~[?:1.8.0_65]
	at org.openqa.selenium.remote.ErrorHandler.createThrowable(ErrorHandler.java:206) ~[selenium-remote-driver-2.49.0.jar:?]
	at org.openqa.selenium.remote.ErrorHandler.throwIfResponseFailed(ErrorHandler.java:158) ~[selenium-remote-driver-2.49.0.jar:?]
	at org.openqa.selenium.remote.RemoteWebDriver.execute(RemoteWebDriver.java:678) ~[selenium-remote-driver-2.49.0.jar:?]
	at org.openqa.selenium.remote.RemoteWebDriver.findElement(RemoteWebDriver.java:363) ~[selenium-remote-driver-2.49.0.jar:?]
	at org.openqa.selenium.remote.RemoteWebDriver.findElementByXPath(RemoteWebDriver.java:500) ~[selenium-remote-driver-2.49.0.jar:?]
	at org.openqa.selenium.By$ByXPath.findElement(By.java:361) ~[selenium-api-2.49.0.jar:?]
	at org.openqa.selenium.remote.RemoteWebDriver.findElement(RemoteWebDriver.java:355) ~[selenium-remote-driver-2.49.0.jar:?]
	at org.openqa.selenium.support.pagefactory.DefaultElementLocator.findElement(DefaultElementLocator.java:69) ~[selenium-support-2.49.0.jar:?]
	at org.openqa.selenium.support.pagefactory.internal.LocatingElementHandler.invoke(LocatingElementHandler.java:38) ~[selenium-support-2.49.0.jar:?]
	at com.sun.proxy.$Proxy5.getText(Unknown Source) ~[?:?]
	at VITuaOP.Result.pageScreenAndPrint(Result.java:34) [test-classes/:?]
	at VITuaOP.TestRunner.test(TestRunner.java:25) [test-classes/:?]
	at sun.reflect.NativeMethodAccessorImpl.invoke0(Native Method) ~[?:1.8.0_65]
	at sun.reflect.NativeMethodAccessorImpl.invoke(NativeMethodAccessorImpl.java:62) ~[?:1.8.0_65]
	at sun.reflect.DelegatingMethodAccessorImpl.invoke(DelegatingMethodAccessorImpl.java:43) ~[?:1.8.0_65]
	at java.lang.reflect.Method.invoke(Method.java:497) ~[?:1.8.0_65]
	at org.junit.runners.model.FrameworkMethod$1.runReflectiveCall(FrameworkMethod.java:50) [junit-4.12.jar:4.12]
	at org.junit.internal.runners.model.ReflectiveCallable.run(ReflectiveCallable.java:12) [junit-4.12.jar:4.12]
	at org.junit.runners.model.FrameworkMethod.invokeExplosively(FrameworkMethod.java:47) [junit-4.12.jar:4.12]
	at org.junit.internal.runners.statements.InvokeMethod.evaluate(InvokeMethod.java:17) [junit-4.12.jar:4.12]
	at org.junit.runners.ParentRunner.runLeaf(ParentRunner.java:325) [junit-4.12.jar:4.12]
	at org.junit.runners.BlockJUnit4ClassRunner.runChild(BlockJUnit4ClassRunner.java:78) [junit-4.12.jar:4.12]
	at org.junit.runners.BlockJUnit4ClassRunner.runChild(BlockJUnit4ClassRunner.java:57) [junit-4.12.jar:4.12]
	at org.junit.runners.ParentRunner$3.run(ParentRunner.java:290) [junit-4.12.jar:4.12]
	at org.junit.runners.ParentRunner$1.schedule(ParentRunner.java:71) [junit-4.12.jar:4.12]
	at org.junit.runners.ParentRunner.runChildren(ParentRunner.java:288) [junit-4.12.jar:4.12]
	at org.junit.runners.ParentRunner.access$000(ParentRunner.java:58) [junit-4.12.jar:4.12]
	at org.junit.runners.ParentRunner$2.evaluate(ParentRunner.java:268) [junit-4.12.jar:4.12]
	at org.junit.runners.ParentRunner.run(ParentRunner.java:363) [junit-4.12.jar:4.12]
	at org.junit.runner.JUnitCore.run(JUnitCore.java:137) [junit-4.12.jar:4.12]
	at com.intellij.junit4.JUnit4IdeaTestRunner.startRunnerWithArgs(JUnit4IdeaTestRunner.java:74) [junit-rt.jar:?]
	at com.intellij.rt.execution.junit.JUnitStarter.prepareStreamsAndStart(JUnitStarter.java:211) [junit-rt.jar:?]
	at com.intellij.rt.execution.junit.JUnitStarter.main(JUnitStarter.java:67) [junit-rt.jar:?]
	at sun.reflect.NativeMethodAccessorImpl.invoke0(Native Method) ~[?:1.8.0_65]
	at sun.reflect.NativeMethodAccessorImpl.invoke(NativeMethodAccessorImpl.java:62) ~[?:1.8.0_65]
	at sun.reflect.DelegatingMethodAccessorImpl.invoke(DelegatingMethodAccessorImpl.java:43) ~[?:1.8.0_65]
	at java.lang.reflect.Method.invoke(Method.java:497) ~[?:1.8.0_65]
	at com.intellij.rt.execution.application.AppMain.main(AppMain.java:134) [idea_rt.jar:?]
Caused by: org.openqa.selenium.NoSuchElementException: Unable to locate element: {"method":"xpath","selector":"//a[@id='pnnext']/span[2]"}
For documentation on this error, please visit: http://seleniumhq.org/exceptions/no_such_element.html
Build info: version: '2.49.0', revision: '365eeb44deba2067b1761c8862ef21d55250e063', time: '2016-01-13 11:57:39'
System info: host: '2good4you', ip: '192.168.0.5', os.name: 'Windows 7', os.arch: 'amd64', os.version: '6.1', java.version: '1.8.0_65'
Driver info: driver.version: unknown
	at <anonymous class>.FirefoxDriver.prototype.findElementInternal_(file:///C:/Users/9234~1/AppData/Local/Temp/anonymous3460347403534600774webdriver-profile/extensions/fxdriver@googlecode.com/components/driver-component.js:10675) ~[?:?]
	at <anonymous class>.fxdriver.Timer.prototype.setTimeout/<.notify(file:///C:/Users/9234~1/AppData/Local/Temp/anonymous3460347403534600774webdriver-profile/extensions/fxdriver@googlecode.com/components/driver-component.js:623) ~[?:?]
2016-01-16 20:01:46.503[Result.java][pageScreenAndPrint][32] INFO  VITuaOP.TestRunner - делаем скрин шот и печатаем страницу
2016-01-16 20:01:51.550[Result.java][pageScreenAndPrint][38] ERROR VITuaOP.TestRunner - the error in screen and print
2016-21-16 20:21:54.214[Result.java][pageScreenAndPrint][32] INFO  VITuaOP.TestRunner - делаем скрин-шот и печатаем страницу
2016-52-16 20:52:39.489[SearchingPage.java][searchWord][32] INFO  VITuaOP.SearchingPage - Enter the text in search bar
2016-53-16 20:53:17.112[SearchingPage.java][searchWord][32] INFO  VITuaOP.SearchingPage - Enter the text in search bar
2016-53-16 20:53:56.712[SearchingPage.java][searchWord][32] INFO  VITuaOP.SearchingPage - Enter the text in search bar
2016-55-16 20:55:55.906[SearchingPage.java][searchWord][32] INFO  VITuaOP.SearchingPage - Enter the text in search bar
2016-01-16 21:01:11.631[SearchingPage.java][searchWord][33] INFO  VITuaOP.SearchingPage - Enter the text in search bar
2016-10-16 21:10:40.892[SearchingPage.java][searchWord][33] INFO  VITuaOP.SearchingPage - Enter the text in search bar
2016-10-16 21:10:41.350[SearchingPage.java][searchSite][40] INFO  VITuaOP.SearchingPage - starts for searcing vit.ua
2016-10-16 21:10:51.395[SearchingPage.java][searchSite][53] INFO  VITuaOP.SearchingPage - Exeption was catching in searching site
2016-10-16 21:10:51.397[SearchingPage.java][searchSite][57] INFO  VITuaOP.SearchingPage - locking for <next button>
2016-11-16 21:11:00.391[SearchingPage.java][searchSite][59] INFO  VITuaOP.SearchingPage - <next button> was founded
2016-11-16 21:11:00.532[SearchingPage.java][searchSite][62] INFO  VITuaOP.SearchingPage - waiting for page loading after switching
2016-11-16 21:11:02.637[SearchingPage.java][searchSite][51] INFO  VITuaOP.SearchingPage - Error was catching in searching site
2016-11-16 21:11:02.638[SearchingPage.java][searchSite][57] INFO  VITuaOP.SearchingPage - locking for <next button>
2016-11-16 21:11:02.673[SearchingPage.java][searchSite][59] INFO  VITuaOP.SearchingPage - <next button> was founded
2016-11-16 21:11:02.800[SearchingPage.java][searchSite][62] INFO  VITuaOP.SearchingPage - waiting for page loading after switching
2016-11-16 21:11:04.757[SearchingPage.java][searchSite][51] INFO  VITuaOP.SearchingPage - Error was catching in searching site
2016-11-16 21:11:04.758[SearchingPage.java][searchSite][57] INFO  VITuaOP.SearchingPage - locking for <next button>
2016-11-16 21:11:04.790[SearchingPage.java][searchSite][59] INFO  VITuaOP.SearchingPage - <next button> was founded
2016-11-16 21:11:04.962[SearchingPage.java][searchSite][62] INFO  VITuaOP.SearchingPage - waiting for page loading after switching
2016-11-16 21:11:07.160[SearchingPage.java][searchSite][44] INFO  VITuaOP.SearchingPage - vit.ua has founds
2016-12-16 21:12:16.855[SearchingPage.java][searchWord][32] INFO  VITuaOP.SearchingPage - Enter the text in search bar
2016-12-16 21:12:17.285[SearchingPage.java][searchSite][39] INFO  VITuaOP.SearchingPage - starts for searcing vit.ua
2016-12-16 21:12:27.416[SearchingPage.java][searchSite][50] INFO  VITuaOP.SearchingPage - Error was catching in searching site
2016-12-16 21:12:27.416[SearchingPage.java][searchSite][56] INFO  VITuaOP.SearchingPage - locking for <next button>
2016-12-16 21:12:27.453[SearchingPage.java][searchSite][58] INFO  VITuaOP.SearchingPage - <next button> was founded
2016-12-16 21:12:27.599[SearchingPage.java][searchSite][61] INFO  VITuaOP.SearchingPage - waiting for page loading after switching
2016-12-16 21:12:29.738[SearchingPage.java][searchSite][50] INFO  VITuaOP.SearchingPage - Error was catching in searching site
2016-12-16 21:12:29.738[SearchingPage.java][searchSite][56] INFO  VITuaOP.SearchingPage - locking for <next button>
2016-12-16 21:12:29.778[SearchingPage.java][searchSite][58] INFO  VITuaOP.SearchingPage - <next button> was founded
2016-12-16 21:12:29.928[SearchingPage.java][searchSite][61] INFO  VITuaOP.SearchingPage - waiting for page loading after switching
2016-12-16 21:12:31.856[SearchingPage.java][searchSite][50] INFO  VITuaOP.SearchingPage - Error was catching in searching site
2016-12-16 21:12:31.857[SearchingPage.java][searchSite][56] INFO  VITuaOP.SearchingPage - locking for <next button>
2016-12-16 21:12:31.895[SearchingPage.java][searchSite][58] INFO  VITuaOP.SearchingPage - <next button> was founded
2016-12-16 21:12:32.007[SearchingPage.java][searchSite][61] INFO  VITuaOP.SearchingPage - waiting for page loading after switching
2016-12-16 21:12:33.992[SearchingPage.java][searchSite][43] INFO  VITuaOP.SearchingPage - vit.ua has founds
2016-13-16 21:13:44.134[SearchingPage.java][searchWord][32] INFO  VITuaOP.SearchingPage - Enter the text in search bar
2016-21-16 21:21:24.978[SearchingPage.java][searchWord][32] INFO  VITuaOP.SearchingPage - Enter the text in search bar
2016-21-16 21:21:30.523[SearchingPage.java][searchWord][44] ERROR VITuaOP.SearchingPage - strange error with searching bar
2016-21-16 21:21:35.592[SearchingPage.java][searchWord][44] ERROR VITuaOP.SearchingPage - strange error with searching bar
2016-21-16 21:21:40.688[SearchingPage.java][searchWord][44] ERROR VITuaOP.SearchingPage - strange error with searching bar
2016-21-16 21:21:45.752[SearchingPage.java][searchWord][44] ERROR VITuaOP.SearchingPage - strange error with searching bar
2016-22-16 21:22:08.781[SearchingPage.java][searchWord][32] INFO  VITuaOP.SearchingPage - Enter the text in search bar
2016-22-16 21:22:14.329[SearchingPage.java][searchWord][44] ERROR VITuaOP.SearchingPage - strange error with searching bar
2016-22-16 21:22:19.394[SearchingPage.java][searchWord][44] ERROR VITuaOP.SearchingPage - strange error with searching bar
2016-22-16 21:22:24.409[SearchingPage.java][searchWord][44] ERROR VITuaOP.SearchingPage - strange error with searching bar
2016-22-16 21:22:29.496[SearchingPage.java][searchWord][44] ERROR VITuaOP.SearchingPage - strange error with searching bar
2016-22-16 21:22:34.557[SearchingPage.java][searchWord][44] ERROR VITuaOP.SearchingPage - strange error with searching bar
2016-22-16 21:22:39.642[SearchingPage.java][searchWord][44] ERROR VITuaOP.SearchingPage - strange error with searching bar
2016-22-16 21:22:44.707[SearchingPage.java][searchWord][44] ERROR VITuaOP.SearchingPage - strange error with searching bar
2016-22-16 21:22:49.770[SearchingPage.java][searchWord][44] ERROR VITuaOP.SearchingPage - strange error with searching bar
2016-22-16 21:22:54.832[SearchingPage.java][searchWord][44] ERROR VITuaOP.SearchingPage - strange error with searching bar
2016-22-16 21:22:59.908[SearchingPage.java][searchWord][44] ERROR VITuaOP.SearchingPage - strange error with searching bar
2016-22-16 21:22:59.909[SearchingPage.java][searchSite][50] INFO  VITuaOP.SearchingPage - starts for searcing vit.ua
2016-23-16 21:23:04.977[SearchingPage.java][searchSite][63] INFO  VITuaOP.SearchingPage - Exeption was catching in searching site
2016-23-16 21:23:04.978[SearchingPage.java][searchSite][67] INFO  VITuaOP.SearchingPage - locking for <next button>
2016-23-16 21:23:10.065[SearchingPage.java][searchSite][83] INFO  VITuaOP.SearchingPage - vit.ua was not founded
2016-06-16 22:06:19.637[SearchingPage.java][searchWord][32] INFO  VITuaOP.SearchingPage - Enter the text in search bar
2016-06-16 22:06:31.228[SearchingPage.java][searchWord][44] ERROR VITuaOP.SearchingPage - strange error with searching request
2016-06-16 22:06:34.446[SearchingPage.java][searchSite][50] INFO  VITuaOP.SearchingPage - starts for searcing vit.ua
2016-06-16 22:06:35.729[SearchingPage.java][searchSite][61] INFO  VITuaOP.SearchingPage - Error was catching in searching site
2016-06-16 22:06:35.730[SearchingPage.java][searchSite][67] INFO  VITuaOP.SearchingPage - locking for <next button>
2016-06-16 22:06:35.863[SearchingPage.java][searchSite][69] INFO  VITuaOP.SearchingPage - <next button> was founded
2016-06-16 22:06:35.981[SearchingPage.java][searchSite][72] INFO  VITuaOP.SearchingPage - waiting for page loading after switching
2016-06-16 22:06:38.297[SearchingPage.java][searchSite][61] INFO  VITuaOP.SearchingPage - Error was catching in searching site
2016-06-16 22:06:38.297[SearchingPage.java][searchSite][67] INFO  VITuaOP.SearchingPage - locking for <next button>
2016-06-16 22:06:38.336[SearchingPage.java][searchSite][69] INFO  VITuaOP.SearchingPage - <next button> was founded
2016-06-16 22:06:38.489[SearchingPage.java][searchSite][72] INFO  VITuaOP.SearchingPage - waiting for page loading after switching
2016-06-16 22:06:40.345[SearchingPage.java][searchSite][61] INFO  VITuaOP.SearchingPage - Error was catching in searching site
2016-06-16 22:06:40.345[SearchingPage.java][searchSite][67] INFO  VITuaOP.SearchingPage - locking for <next button>
2016-06-16 22:06:40.388[SearchingPage.java][searchSite][69] INFO  VITuaOP.SearchingPage - <next button> was founded
2016-06-16 22:06:41.429[SearchingPage.java][searchSite][72] INFO  VITuaOP.SearchingPage - waiting for page loading after switching
2016-06-16 22:06:43.308[SearchingPage.java][searchSite][54] INFO  VITuaOP.SearchingPage - vit.ua has founds
2016-09-16 22:09:34.302[SearchingPage.java][searchWord][32] INFO  VITuaOP.SearchingPage - Enter the text in search bar
2016-09-16 22:09:39.827[SearchingPage.java][searchWord][44] ERROR VITuaOP.SearchingPage - strange error with searching request
2016-09-16 22:09:42.437[SearchingPage.java][searchSite][50] INFO  VITuaOP.SearchingPage - starts for searcing vit.ua
2016-09-16 22:09:43.705[SearchingPage.java][searchSite][61] INFO  VITuaOP.SearchingPage - Error was catching in searching site
2016-09-16 22:09:43.706[SearchingPage.java][searchSite][67] INFO  VITuaOP.SearchingPage - locking for <next button>
2016-09-16 22:09:43.842[SearchingPage.java][searchSite][69] INFO  VITuaOP.SearchingPage - <next button> was founded
2016-09-16 22:09:43.950[SearchingPage.java][searchSite][72] INFO  VITuaOP.SearchingPage - waiting for page loading after switching
2016-09-16 22:09:45.846[SearchingPage.java][searchSite][61] INFO  VITuaOP.SearchingPage - Error was catching in searching site
2016-09-16 22:09:45.846[SearchingPage.java][searchSite][67] INFO  VITuaOP.SearchingPage - locking for <next button>
2016-09-16 22:09:45.878[SearchingPage.java][searchSite][69] INFO  VITuaOP.SearchingPage - <next button> was founded
2016-09-16 22:09:45.981[SearchingPage.java][searchSite][72] INFO  VITuaOP.SearchingPage - waiting for page loading after switching
2016-09-16 22:09:47.773[SearchingPage.java][searchSite][61] INFO  VITuaOP.SearchingPage - Error was catching in searching site
2016-09-16 22:09:47.773[SearchingPage.java][searchSite][67] INFO  VITuaOP.SearchingPage - locking for <next button>
2016-09-16 22:09:47.821[SearchingPage.java][searchSite][69] INFO  VITuaOP.SearchingPage - <next button> was founded
2016-09-16 22:09:47.919[SearchingPage.java][searchSite][72] INFO  VITuaOP.SearchingPage - waiting for page loading after switching
2016-09-16 22:09:49.728[SearchingPage.java][searchSite][54] INFO  VITuaOP.SearchingPage - vit.ua has founds
